<component name="libraryTable">
  <library name="junit-4.13">
    <CLASSES>
      <root url="jar://$PROJECT_DIR$/../../JUnitLibrary/hamcrest-core-1.3.jar!/" />
      <root url="jar://$PROJECT_DIR$/../../JUnitLibrary/junit-4.13.jar!/" />
    </CLASSES>
    <JAVADOC />
    <SOURCES />
    <excluded>
      <root url="jar://$PROJECT_DIR$/../../JUnitLibrary/hamcrest-core-1.3.jar!/" />
    </excluded>
  </library>
</component>